# JRE version: OpenJDK Runtime Environment (17.0.11) (build 17.0.11+0--11852314)
# Java VM: OpenJDK 64-Bit Server VM (17.0.11+0--11852314, mixed mode, tiered, compressed oops, compressed class ptrs, g1 gc, windows-amd64)
GC Precious Log:
 CPUs: 4 total, 4 available
 Memory: 3838M
 Large Page Support: Disabled
 NUMA Support: Disabled
 Compressed Oops: Enabled (32-bit)
 Heap Region Size: 1M
 Heap Min Capacity: 8M
 Heap Initial Capacity: 60M
 Heap Max Capacity: 2G
 Pre-touch: Disabled
 Parallel Workers: 4
 Concurrent Workers: 1
 Concurrent Refinement Workers: 4
 Periodic GC: Disabled
Heap:
 garbage-first heap   total 61440K, used 24487K [0x0000000080000000, 0x0000000100000000)
  region size 1024K, 6 young (6144K), 1 survivors (1024K)
 Metaspace       used 25900K, committed 26176K, reserved 1114112K
  class space    used 3255K, committed 3328K, reserved 1048576K
GC Heap History (14 events):
Event: 3.948 GC heap before
{Heap before GC invocations=0 (full 0):
 garbage-first heap   total 61440K, used 12288K [0x0000000080000000, 0x0000000100000000)
  region size 1024K, 13 young (13312K), 0 survivors (0K)
 Metaspace       used 7686K, committed 7872K, reserved 1114112K
  class space    used 676K, committed 768K, reserved 1048576K
}
Event: 3.954 GC heap after
{Heap after GC invocations=1 (full 0):
 garbage-first heap   total 61440K, used 2864K [0x0000000080000000, 0x0000000100000000)
  region size 1024K, 2 young (2048K), 2 survivors (2048K)
 Metaspace       used 7686K, committed 7872K, reserved 1114112K
  class space    used 676K, committed 768K, reserved 1048576K
}
Event: 7.515 GC heap before
{Heap before GC invocations=1 (full 0):
 garbage-first heap   total 61440K, used 22320K [0x0000000080000000, 0x0000000100000000)
  region size 1024K, 18 young (18432K), 2 survivors (2048K)
 Metaspace       used 11378K, committed 11520K, reserved 1114112K
  class space    used 1195K, committed 1280K, reserved 1048576K
}
Event: 7.529 GC heap after
{Heap after GC invocations=2 (full 0):
 garbage-first heap   total 61440K, used 10827K [0x0000000080000000, 0x0000000100000000)
  region size 1024K, 3 young (3072K), 3 survivors (3072K)
 Metaspace       used 11378K, committed 11520K, reserved 1114112K
  class space    used 1195K, committed 1280K, reserved 1048576K
}
Event: 8.793 GC heap before
{Heap before GC invocations=2 (full 0):
 garbage-first heap   total 61440K, used 30283K [0x0000000080000000, 0x0000000100000000)
  region size 1024K, 22 young (22528K), 3 survivors (3072K)
 Metaspace       used 11492K, committed 11648K, reserved 1114112K
  class space    used 1199K, committed 1280K, reserved 1048576K
}
Event: 8.797 GC heap after
{Heap after GC invocations=3 (full 0):
 garbage-first heap   total 61440K, used 11487K [0x0000000080000000, 0x0000000100000000)
  region size 1024K, 1 young (1024K), 1 survivors (1024K)
 Metaspace       used 11492K, committed 11648K, reserved 1114112K
  class space    used 1199K, committed 1280K, reserved 1048576K
}
Event: 11.140 GC heap before
{Heap before GC invocations=3 (full 0):
 garbage-first heap   total 61440K, used 43231K [0x0000000080000000, 0x0000000100000000)
  region size 1024K, 31 young (31744K), 1 survivors (1024K)
 Metaspace       used 15795K, committed 16000K, reserved 1114112K
  class space    used 1767K, committed 1856K, reserved 1048576K
}
Event: 11.155 GC heap after
{Heap after GC invocations=4 (full 0):
 garbage-first heap   total 61440K, used 17272K [0x0000000080000000, 0x0000000100000000)
  region size 1024K, 4 young (4096K), 4 survivors (4096K)
 Metaspace       used 15795K, committed 16000K, reserved 1114112K
  class space    used 1767K, committed 1856K, reserved 1048576K
}
Event: 30.465 GC heap before
{Heap before GC invocations=4 (full 0):
 garbage-first heap   total 61440K, used 36728K [0x0000000080000000, 0x0000000100000000)
  region size 1024K, 24 young (24576K), 4 survivors (4096K)
 Metaspace       used 21248K, committed 21504K, reserved 1114112K
  class space    used 2489K, committed 2624K, reserved 1048576K
}
Event: 30.498 GC heap after
{Heap after GC invocations=5 (full 0):
 garbage-first heap   total 61440K, used 19261K [0x0000000080000000, 0x0000000100000000)
  region size 1024K, 2 young (2048K), 2 survivors (2048K)
 Metaspace       used 21248K, committed 21504K, reserved 1114112K
  class space    used 2489K, committed 2624K, reserved 1048576K
}
Event: 39.481 GC heap before
{Heap before GC invocations=6 (full 0):
 garbage-first heap   total 61440K, used 40765K [0x0000000080000000, 0x0000000100000000)
  region size 1024K, 23 young (23552K), 2 survivors (2048K)
 Metaspace       used 24938K, committed 25216K, reserved 1114112K
  class space    used 3074K, committed 3200K, reserved 1048576K
}
Event: 39.506 GC heap after
{Heap after GC invocations=7 (full 0):
 garbage-first heap   total 61440K, used 20318K [0x0000000080000000, 0x0000000100000000)
  region size 1024K, 2 young (2048K), 2 survivors (2048K)
 Metaspace       used 24938K, committed 25216K, reserved 1114112K
  class space    used 3074K, committed 3200K, reserved 1048576K
}
Event: 39.807 GC heap before
{Heap before GC invocations=7 (full 0):
 garbage-first heap   total 61440K, used 21342K [0x0000000080000000, 0x0000000100000000)
  region size 1024K, 3 young (3072K), 2 survivors (2048K)
 Metaspace       used 25102K, committed 25408K, reserved 1114112K
  class space    used 3108K, committed 3200K, reserved 1048576K
}
Event: 39.814 GC heap after
{Heap after GC invocations=8 (full 0):
 garbage-first heap   total 61440K, used 20391K [0x0000000080000000, 0x0000000100000000)
  region size 1024K, 1 young (1024K), 1 survivors (1024K)
 Metaspace       used 25102K, committed 25408K, reserved 1114112K
  class space    used 3108K, committed 3200K, reserved 1048576K
}

